
Beginning Submission                   
09/23/14 10:04:57 PM
/students/d/pah9qd/fall2014/cs1050/homework1/hw1.c
24.206.167.73
Preparing: hw1.c for submission
hw1.c
2905
In-Progress: Submitting Assignment
file size sent: 2905 (bytes) and file size stored on server: 2905 (bytes)
file transfer successful from client to submission server
fd3e6070901a721d14a82750c93b1bd0
Submission Complete
5816393eb9cad6367e981d819f52f1581e7b09bc2e699a28bef8af607f8f3a2a

Beginning Submission                   
10/15/14 07:11:11 PM
/students/d/pah9qd/fall2014/cs1050/homework2/hw2.c
24.206.167.73
Preparing: hw2.c for submission
hw2.c
4090
In-Progress: Submitting Assignment
file size sent: 4090 (bytes) and file size stored on server: 4090 (bytes)
file transfer successful from client to submission server
f1c029e0c82baae645bf789e27b13edb
Submission Complete
631dca8bfde19ad4c90865e9aff677e3bda70f77eb61a5ff48dd7ed37ea4041b

Beginning Submission                   
11/02/14 08:52:35 AM
/students/d/pah9qd/fall2014/cs1050/homework3/hw3.c
24.206.167.73
Preparing: hw3.c for submission
hw3.c
9867
In-Progress: Submitting Assignment
file size sent: 9867 (bytes) and file size stored on server: 9867 (bytes)
file transfer successful from client to submission server
e0edd62fd9946ff0c8109c76d9af27aa
Submission Complete
6a751d71baad636900060ddce7bff98dcabdf108d9d04bf486c8268a185533e7

Beginning Submission                   
12/04/14 09:17:01 PM
/students/d/pah9qd/fall2014/cs1050/homework4/hw4.c
24.206.167.73
Preparing: hw4.c for submission
hw4.c
4199
In-Progress: Submitting Assignment
file size sent: 4199 (bytes) and file size stored on server: 4199 (bytes)
file transfer successful from client to submission server
8c390180e98d1216e06ed753d0620ae9
Submission Complete
39984d2386c43459ff993deb3c16b5d026167dab47e9a8f1a800c0f3e09487df

Beginning Submission                   
12/05/14 02:00:55 PM
/students/d/pah9qd/fall2014/cs1050/homework4/hw4.c
24.206.167.73
Preparing: hw4.c for submission
hw4.c
5871
In-Progress: Submitting Assignment
file size sent: 5871 (bytes) and file size stored on server: 5871 (bytes)
file transfer successful from client to submission server
bbdd7c1f7593e49a6c81aa7b9bdcdd35
Submission Complete
8e14911e3fc104714885a41bb4f649488e7c77d020cdf04fae7bc526b80e9752
