
Beginning Submission                   
09/08/14 04:44:47 PM
/students/d/pah9qd/fall2014/cs1050/lab2/lab2.c
128.206.34.146
Preparing: lab2.c for submission
lab2.c
3140
In-Progress: Submitting Assignment
file size sent: 3140 (bytes) and file size stored on server: 3140 (bytes)
file transfer successful from client to submission server
16455857a4b532ac6d6a3b3ad23c86a0
Submission Complete
4fe98d747195d911130edba7327608bf2544eba66dbf6029b087fb7fd615a797

Beginning Submission                   
09/15/14 04:13:38 PM
/students/d/pah9qd/fall2014/cs1050/lab3/lab3.c
128.206.34.146
Preparing: lab3.c for submission
lab3.c
1716
In-Progress: Submitting Assignment
file size sent: 1716 (bytes) and file size stored on server: 1716 (bytes)
file transfer successful from client to submission server
5f2bdf35a926dd2302bd889969457b6e
Submission Complete
ccd927b293856cd419226efb543dd35ee64ae4ea2a7fe102e979bacec12f5f6d

Beginning Submission                   
09/22/14 04:50:30 PM
/students/d/pah9qd/fall2014/cs1050/lab4/inLab4/lab4.c
128.206.34.146
Preparing: lab4.c for submission
lab4.c
3494
In-Progress: Submitting Assignment
file size sent: 3494 (bytes) and file size stored on server: 3494 (bytes)
file transfer successful from client to submission server
33b9c5c5ae42bceca097d78d90aaa381
Submission Complete
bb04df4fbaa5c3a5bf457cefa5eb5961c2f17ff35bc50e84bad0e1c00c113354

Beginning Submission                   
10/06/14 04:32:30 PM
/students/d/pah9qd/fall2014/cs1050/lab5/inLab5/lab5.c
128.206.34.50
Preparing: lab5.c for submission
lab5.c
2854
In-Progress: Submitting Assignment
file size sent: 2854 (bytes) and file size stored on server: 2854 (bytes)
file transfer successful from client to submission server
3e2699aae38d62520306e3e6e84ac9f4
Submission Complete
bbab16d034fff0b6c6f0a53d0ba046dc559c5702ed2044593cc184a7db837b71

Beginning Submission                   
10/13/14 05:33:42 PM
/students/d/pah9qd/fall2014/cs1050/lab6/inLab6/lab6.c
128.206.34.146
Preparing: lab6.c for submission
lab6.c
4963
In-Progress: Submitting Assignment
file size sent: 4963 (bytes) and file size stored on server: 4963 (bytes)
file transfer successful from client to submission server
cdc8c82206da4c0b111824a2501d3266
Submission Complete
c41997e7a76866a6cbca3f20446e8797c4daebf772d3916f502d64de8366222a

Beginning Submission                   
10/20/14 04:31:51 PM
/students/d/pah9qd/fall2014/cs1050/lab7/inLab7/lab7.c
128.206.34.146
Preparing: lab7.c for submission
lab7.c
4332
In-Progress: Submitting Assignment
file size sent: 4332 (bytes) and file size stored on server: 4332 (bytes)
file transfer successful from client to submission server
691866d96d4e9cc67377a51920c691b1
Submission Complete
9494399baddb1d70ae0c38d798f2c336235d32e1157bfe201544a29f0094f179

Beginning Submission                   
10/27/14 04:30:00 PM
/students/d/pah9qd/fall2014/cs1050/lab8/lab8/lab8.c
128.206.34.146
Preparing: lab8.c for submission
lab8.c
5560
In-Progress: Submitting Assignment
file size sent: 5560 (bytes) and file size stored on server: 5560 (bytes)
file transfer successful from client to submission server
343702b99f440054342242f6070c8c89
Submission Complete
fae86ce3d28f34fa701c7da3e5ad15028305d93044879cb1d1e60f4fccf07c70

Beginning Submission                   
11/03/14 04:48:04 PM
/students/d/pah9qd/fall2014/cs1050/lab9/inLab9/lab9.c
128.206.34.146
Preparing: lab9.c for submission
lab9.c
5027
In-Progress: Submitting Assignment
file size sent: 5027 (bytes) and file size stored on server: 5027 (bytes)
file transfer successful from client to submission server
92bb8b522e86e3e93beca24bcf96d7f4
Submission Complete
4b5e22b0cb49de0cc3a9779cd28e76f9886b2ba0195791fcb595a616ffba6ff4

Beginning Submission                   
11/17/14 05:09:39 PM
/students/d/pah9qd/fall2014/cs1050/lab10/inLab/lab10.c
128.206.34.146
Preparing: lab10.c for submission
lab10.c
5399
In-Progress: Submitting Assignment
file size sent: 5399 (bytes) and file size stored on server: 5399 (bytes)
file transfer successful from client to submission server
62149ad8d899a6438a97e69e61bcdd0b
Submission Complete
476b809f2e31c3a5546def1e261fef91b54278e8934cb1f7ba9a0f36a6838f10

Beginning Submission                   
12/01/14 04:46:56 PM
/students/d/pah9qd/fall2014/cs1050/lab11/inLab11/lab11.c
128.206.34.146
Preparing: lab11.c for submission
lab11.c
5885
In-Progress: Submitting Assignment
file size sent: 5885 (bytes) and file size stored on server: 5885 (bytes)
file transfer successful from client to submission server
34f568646aac26f8c9cc1362fd95d7b4
Submission Complete
1686b022e78dfb865b0fe5f0f7d030d51f9128678725074796aa8285a706bd58
