
Beginning Submission                   
02/02/15 05:21:56 PM
/students/d/pah9qd/spring2015/2050/lab2/lab2/lab2.c
128.206.122.81
Preparing: lab2.c for submission
lab2.c
6788
In-Progress: Submitting Assignment
The course and or assignment given is incorrect ERROR: 603
Submission failed, please try again
If this error continues please notify your TA
e7f7e5a758ec410e4e38609a39005917425f34394f026d1a7895126036e2d92d

Beginning Submission                   
02/02/15 05:22:08 PM
/students/d/pah9qd/spring2015/2050/lab2/lab2/lab2.c
128.206.122.81
Preparing: lab2.c for submission
lab2.c
6788
In-Progress: Submitting Assignment
The course and or assignment given is incorrect ERROR: 603
Submission failed, please try again
If this error continues please notify your TA
5aec6707759ebc14fd92e7ccbeb747d4df85a4febf6cdcbcff887584a44d058b

Beginning Submission                   
04/06/15 04:53:01 PM
/students/d/pah9qd/spring2015/2050/lab9/lab9.tar.gz
128.206.123.33
Preparing: lab9.tar.gz for submission
lab9.tar.gz
2027
In-Progress: Submitting Assignment
The course and or assignment given is incorrect ERROR: 603
Submission failed, please try again
If this error continues please notify your TA
33251133ad773881132aa970098bcba4ada6bf1f426c0842535b8d101ec8640d

Beginning Submission                   
04/06/15 04:53:29 PM
/students/d/pah9qd/spring2015/2050/lab9/lab9.tar.gz
128.206.123.33
Preparing: lab9.tar.gz for submission
lab9.tar.gz
2027
In-Progress: Submitting Assignment
The course and or assignment given is incorrect ERROR: 603
Submission failed, please try again
If this error continues please notify your TA
28bd023e0fbd3340cfb050f915b6900547eff31e100553e02c0d9c87dac8f1ae
