
Beginning Submission                   
02/02/15 05:22:27 PM
/students/d/pah9qd/spring2015/2050/lab2/lab2/lab2.c
128.206.122.81
Preparing: lab2.c for submission
lab2.c
6788
In-Progress: Submitting Assignment
file size sent: 6788 (bytes) and file size stored on server: 6788 (bytes)
file transfer successful from client to submission server
0eae3c6620a42ff08b368c49d5c28243
Submission Complete
27fd4026b868f53720194189bf077e16410690aa884b24de334215291d945663

Beginning Submission                   
02/09/15 05:21:03 PM
/students/d/pah9qd/spring2015/2050/lab3/inLab3/lab3.c
128.206.123.26
Preparing: lab3.c for submission
lab3.c
6470
In-Progress: Submitting Assignment
file size sent: 6470 (bytes) and file size stored on server: 6470 (bytes)
file transfer successful from client to submission server
9fc4b16905b82e2c91ecd5fdab726520
Submission Complete
ef5f12914d52b4df52bef48adaee5c2d8b07fb1a4c1eeb01848021e408b6489b

Beginning Submission                   
02/19/15 10:36:11 PM
/students/d/pah9qd/spring2015/2050/lab4/lab4.c
24.206.167.73
Preparing: lab4.c for submission
lab4.c
7059
In-Progress: Submitting Assignment
file size sent: 7059 (bytes) and file size stored on server: 7059 (bytes)
file transfer successful from client to submission server
761ebe5f1cd77085172c37f45c0ec6a9
Submission Complete
82a87ff90942f3a6e984be871c283acfa9e43d22155c7229e9d39dad38cd8fb3

Beginning Submission                   
02/19/15 10:57:26 PM
/students/d/pah9qd/spring2015/2050/homework1/hw1.c
24.206.167.73
Preparing: hw1.c for submission
hw1.c
5078
In-Progress: Submitting Assignment
file size sent: 5078 (bytes) and file size stored on server: 5078 (bytes)
file transfer successful from client to submission server
93e46590a392963c34c570a5a1ef0f09
Submission Complete
a99d51dc3b1016225d397fe0e9f99498aa2c67b182ca1132a6c38499617b8174

Beginning Submission                   
03/02/15 04:52:07 PM
/students/d/pah9qd/spring2015/2050/lab5/inLab5/lab5.c
128.206.123.53
Preparing: lab5.c for submission
lab5.c
5006
In-Progress: Submitting Assignment
file size sent: 5006 (bytes) and file size stored on server: 5006 (bytes)
file transfer successful from client to submission server
e47d281640b6140d4177b2f0e774d6da
Submission Complete
1c2a3ebc46090e292fe3f45f1a5b2ecd4d4aa10c5691900a5da60472d195aeab

Beginning Submission                   
03/09/15 05:45:54 PM
/students/d/pah9qd/spring2015/2050/lab6/inLab6/lab6.c
128.206.123.53
Preparing: lab6.c for submission
lab6.c
8232
In-Progress: Submitting Assignment
file size sent: 8232 (bytes) and file size stored on server: 8232 (bytes)
file transfer successful from client to submission server
f2fed3a5c6d35dda9c9ca9611612a624
Submission Complete
f18b7307f7200d5aba0eccabc4505267f1c152ce56f39d30766d9930dd0f51fc

Beginning Submission                   
03/16/15 05:43:53 PM
/students/d/pah9qd/spring2015/2050/lab7/inLab/lab7.c
128.206.123.33
Preparing: lab7.c for submission
lab7.c
5932
In-Progress: Submitting Assignment
file size sent: 5932 (bytes) and file size stored on server: 5932 (bytes)
file transfer successful from client to submission server
58f3576ee298a5946bf0e565e29f546b
Submission Complete
9a72572ade6d48e5816d3f4460dc43f008848cc074a5b55056b558944be1516e

Beginning Submission                   
03/16/15 05:44:34 PM
/students/d/pah9qd/spring2015/2050/lab7/inLab/lab7.c
128.206.123.33
Preparing: lab7.c for submission
lab7.c
5803
In-Progress: Submitting Assignment
file size sent: 5803 (bytes) and file size stored on server: 5803 (bytes)
file transfer successful from client to submission server
064fa3ddd597b5e02211316a7b7bb774
Submission Complete
5099a8dca68fb725286b1b3fce9e8e2133f3fbc8e9a75e8e5f6639cddc97d184

Beginning Submission                   
03/16/15 05:45:10 PM
/students/d/pah9qd/spring2015/2050/lab7/inLab/lab7.c
128.206.123.33
Preparing: lab7.c for submission
lab7.c
5753
In-Progress: Submitting Assignment
file size sent: 5753 (bytes) and file size stored on server: 5753 (bytes)
file transfer successful from client to submission server
76447ab85068cfe1ecf07da410a65dc1
Submission Complete
930a29594bbe3472c4a494131be000f06da6592071b5ad2badb39d74d52812c0

Beginning Submission                   
03/20/15 12:10:19 PM
/students/d/pah9qd/spring2015/2050/homework2/hw2.c
108.197.81.101
Preparing: hw2.c for submission
hw2.c
11478
In-Progress: Submitting Assignment
file size sent: 11478 (bytes) and file size stored on server: 11478 (bytes)
file transfer successful from client to submission server
8815d52d3daaae29188e915ea2b36605
Submission Complete
d3665bfdf0c835db3fa416349d2f6f6c91f8f399aad66461782f8758223c0d67

Beginning Submission                   
03/30/15 05:31:21 PM
/students/d/pah9qd/spring2015/2050/lab8/inLab/lab8.tar
128.206.123.53
Preparing: lab8.tar for submission
lab8.tar
51200
In-Progress: Submitting Assignment
file size sent: 51200 (bytes) and file size stored on server: 51200 (bytes)
file transfer successful from client to submission server
c9a1c3abe2238d35853d177c112bc992
Submission Complete
cd1e3b4cdfb9d6c8f634b9edc8d52016bbd68fae9fdfc7d48474b448ba1b9687

Beginning Submission                   
04/06/15 04:53:56 PM
/students/d/pah9qd/spring2015/2050/lab9/lab9.tar.gz
128.206.123.33
Preparing: lab9.tar.gz for submission
lab9.tar.gz
2027
In-Progress: Submitting Assignment
file size sent: 2027 (bytes) and file size stored on server: 2027 (bytes)
file transfer successful from client to submission server
116b20730cab23c7f2c8c98bce9d0ffa
Submission Complete
d7da55c107e772130045588340d39619641ac534c6ebc91baf9a8cd5f63e60f3

Beginning Submission                   
04/09/15 03:46:30 PM
/students/d/pah9qd/spring2015/2050/HW3Test/HW3.tar.gz
24.206.167.73
Preparing: HW3.tar.gz for submission
HW3.tar.gz
3561
In-Progress: Submitting Assignment
file size sent: 3561 (bytes) and file size stored on server: 3561 (bytes)
file transfer successful from client to submission server
f6ced1d0551d979521587cd5854f4415
Submission Complete
ae20575c4f9571047278270cfe18d129e55a14077579378b728b32f1dd491df7

Beginning Submission                   
04/20/15 05:31:41 PM
/students/d/pah9qd/spring2015/2050/lab10/inLab/lab10.tar
128.206.123.33
Preparing: lab10.tar for submission
lab10.tar
10240
In-Progress: Submitting Assignment
file size sent: 10240 (bytes) and file size stored on server: 10240 (bytes)
file transfer successful from client to submission server
34fb2e4376eebc404387ad2c71bf5f39
Submission Complete
9e0097e5b1c349b3db627d5f99c4c4089777203b8afc140df98bd2506c987f2f

Beginning Submission                   
04/27/15 05:26:48 PM
/students/d/pah9qd/spring2015/2050/lab11/inLab11/lab11.tar.gx
128.206.123.33
Preparing: lab11.tar.gx for submission
lab11.tar.gx
2444
In-Progress: Submitting Assignment
file size sent: 2444 (bytes) and file size stored on server: 2444 (bytes)
file transfer successful from client to submission server
e4daf2a3ed21a59614a097202ec29660
Submission Complete
1520cfd72f4416b1a1ed9c7592b59e5c3b976e73e8b2bcaa68f5779f9bccfd78

Beginning Submission                   
04/27/15 05:27:47 PM
/students/d/pah9qd/spring2015/2050/lab11/inLab11/lab11.tar.gz
128.206.123.33
Preparing: lab11.tar.gz for submission
lab11.tar.gz
2444
In-Progress: Submitting Assignment
file size sent: 2444 (bytes) and file size stored on server: 2444 (bytes)
file transfer successful from client to submission server
0d769c1e5d521334a6580e5176c8894e
Submission Complete
d3cfd79a4ade0d3ecfeb0c8dd0a2a4068103a63f171fe8b0f75cce09ab587d3d

Beginning Submission                   
04/30/15 10:27:35 AM
/students/d/pah9qd/spring2015/2050/homework4/hw4.tar.gz
128.206.163.81
Preparing: hw4.tar.gz for submission
hw4.tar.gz
4515
In-Progress: Submitting Assignment
file size sent: 4515 (bytes) and file size stored on server: 4515 (bytes)
file transfer successful from client to submission server
bc07ec3982b4b1a20375503c018a1976
Submission Complete
ff0563e011de7522a4b9f8425dd808f6b2a63dd1104a743820b977ed14846941
