
Beginning Submission                   
04/27/15 05:24:22 PM
/students/d/pah9qd/spring2015/2050/lab11/inLab11/lab7.c
You cannot submit a file outside of your babbage directory ERROR: 112
Submission failed, please try again
If this error continues please notify your TA
da66c73da39612181cd2790b9c737892f1f062a3273d3da2dfdf7019194a95be

Beginning Submission                   
04/27/15 05:24:40 PM
/students/d/pah9qd/spring2015/2050/lab11/inLab11/lab11.tar.gx
128.206.123.33
Preparing: lab11.tar.gx for submission
lab11.tar.gx
2444
In-Progress: Submitting Assignment
The course and or assignment given is incorrect ERROR: 603
Submission failed, please try again
If this error continues please notify your TA
d3a87442a4ee916725eb8f6594eafe8056cca1fa8916d76744c40dd76d759bf1

Beginning Submission                   
04/27/15 05:26:33 PM
/students/d/pah9qd/spring2015/2050/lab11/inLab11/lab11.tar.gx
128.206.123.33
Preparing: lab11.tar.gx for submission
lab11.tar.gx
2444
In-Progress: Submitting Assignment
The course and or assignment given is incorrect ERROR: 603
Submission failed, please try again
If this error continues please notify your TA
bebca025368896e26fa30e8cd854534bf7d0c4f5dda71eb3a6f72dda4079f040
